Build started 12.12.2013 2:57:42.
     1>Project "E:\Users\Maxim\UserData\University\4 course\ModellApp\ModellApp\ModellApp.vcxproj" on node 2 (Build target(s)).
     1>ClCompile:
         F:\Program Files\Programming\Visual studio\VC\bin\CL.exe /c /Zi /nologo /W3 /WX- /sdl /O2 /Oi /Oy- /GL /D WIN32 /D _WINDOWS /D NDEBUG /D _UNICODE /D UNICODE /D _AFXDLL /Gm- /EHsc /MD /GS /Gy /fp:precise /Zc:wchar_t /Zc:forScope /Yc"stdafx.h" /Fp"Release\ModellApp.pch" /Fo"Release\\" /Fd"Release\vc110.pdb" /Gd /TP /analyze- /errorReport:prompt stdafx.cpp
         stdafx.cpp
     1>e:\users\maxim\userdata\university\4 course\modellapp\modellapp\stdafx.h(50): warning C4067: unexpected tokens following preprocessor directive - expected a newline
         F:\Program Files\Programming\Visual studio\VC\bin\CL.exe /c /Zi /nologo /W3 /WX- /sdl /O2 /Oi /Oy- /GL /D WIN32 /D _WINDOWS /D NDEBUG /D _UNICODE /D UNICODE /D _AFXDLL /Gm- /EHsc /MD /GS /Gy /fp:precise /Zc:wchar_t /Zc:forScope /Yu"stdafx.h" /Fp"Release\ModellApp.pch" /Fo"Release\\" /Fd"Release\vc110.pdb" /Gd /TP /analyze- /errorReport:prompt Lattice.cpp MainFrm.cpp Math.cpp ModellApp.cpp ModellAppDoc.cpp ModellAppView.cpp Source.cpp World.cpp
         Lattice.cpp
     1>Lattice.cpp(30): warning C4244: '=' : conversion from 'double' to 'LONG', possible loss of data
     1>Lattice.cpp(31): warning C4244: '=' : conversion from 'double' to 'LONG', possible loss of data
         MainFrm.cpp
         Math.cpp
         ModellApp.cpp
         ModellAppDoc.cpp
         ModellAppView.cpp
         Source.cpp
         World.cpp
       Link:
         F:\Program Files\Programming\Visual studio\VC\bin\link.exe /ERRORREPORT:PROMPT /OUT:"E:\Users\Maxim\UserData\University\4 course\ModellApp\Release\ModellApp.exe" /INCREMENTAL:NO /NOLOGO /MANIFEST /MANIFESTUAC:"level='asInvoker' uiAccess='false'" /manifest:embed /manifestinput:"F:\Program Files\Programming\Visual studio\VC\Include\Manifest\dpiaware.manifest" /DEBUG /PDB:"E:\Users\Maxim\UserData\University\4 course\ModellApp\Release\ModellApp.pdb" /SUBSYSTEM:WINDOWS /OPT:REF /OPT:ICF /LTCG /TLBID:1 /ENTRY:"wWinMainCRTStartup" /DYNAMICBASE /NXCOMPAT /IMPLIB:"E:\Users\Maxim\UserData\University\4 course\ModellApp\Release\ModellApp.lib" /MACHINE:X86 /SAFESEH Release\ModellApp.res
         Release\Lattice.obj
         Release\MainFrm.obj
         Release\ModellApp.obj
         Release\ModellAppDoc.obj
         Release\ModellAppView.obj
         Release\Math.obj
         Release\Source.obj
         Release\stdafx.obj
         Release\World.obj
         Generating code
         Finished generating code
         ModellApp.vcxproj -> E:\Users\Maxim\UserData\University\4 course\ModellApp\Release\ModellApp.exe
     1>Done Building Project "E:\Users\Maxim\UserData\University\4 course\ModellApp\ModellApp\ModellApp.vcxproj" (Build target(s)).

Build succeeded.

Time Elapsed 00:00:05.82
